<?xml version="1.0" encoding="UTF-8"?>
<!-- Generated by org.testng.reporters.JUnitReportReporter -->
<testsuite hostname="DESKTOP-H2UN25B" failures="0" tests="1" name="gpspacksealdemo.Tests.StandAloneTest" time="31.261" errors="0" timestamp="2024-09-23T14:33:52 IST" skipped="0">
  <testcase classname="gpspacksealdemo.Tests.StandAloneTest" name="Login" time="31.261"/>
</testsuite> <!-- gpspacksealdemo.Tests.StandAloneTest -->
